Using pre-set license
Built from '2020.2/staging' branch; Version is '2020.2.3f1 (8ff31bc5bf5b) revision 9433883'; Using compiler version '192528614'; Build Type 'Release'
OS: 'Windows 10 Pro; OS build 19042.867; Version 2009; 64bit' Language: 'en' Physical Memory: 15779 MB
BatchMode: 1, IsHumanControllingUs: 0, StartBugReporterOnCrash: 0, Is64bit: 1, IsPro: 0

 COMMAND LINE ARGUMENTS:
C:\Program Files\Unity\Hub\Editor\2020.2.3f1\Editor\Unity.exe
-adb2
-batchMode
-noUpm
-name
AssetImportWorker0
-projectPath
C:/Users/Local User/Documents/GitHub/3d-tetris/3d_tetris
-logFile
Logs/AssetImportWorker0.log
-srvPort
60662
Successfully changed project path to: C:/Users/Local User/Documents/GitHub/3d-tetris/3d_tetris
C:/Users/Local User/Documents/GitHub/3d-tetris/3d_tetris
Using Asset Import Pipeline V2.
Refreshing native plugins compatible for Editor in 72.58 ms, found 0 plugins.
Preloading 0 native plugins for Editor in 0.00 ms.
Initialize engine version: 2020.2.3f1 (8ff31bc5bf5b)
[Subsystems] Discovering subsystems at path C:/Program Files/Unity/Hub/Editor/2020.2.3f1/Editor/Data/Resources/UnitySubsystems
[Subsystems] Discovering subsystems at path C:/Users/Local User/Documents/GitHub/3d-tetris/3d_tetris/Assets
GfxDevice: creating device client; threaded=0
Direct3D:
    Version:  Direct3D 11.0 [level 11.1]
    Renderer: Intel(R) HD Graphics 620 (ID=0x5916)
    Vendor:   
    VRAM:     7889 MB
    Driver:   27.20.100.8854
Initialize mono
Mono path[0] = 'C:/Program Files/Unity/Hub/Editor/2020.2.3f1/Editor/Data/Managed'
Mono path[1] = 'C:/Program Files/Unity/Hub/Editor/2020.2.3f1/Editor/Data/MonoBleedingEdge/lib/mono/unityjit'
Mono config path = 'C:/Program Files/Unity/Hub/Editor/2020.2.3f1/Editor/Data/MonoBleedingEdge/etc'
Using monoOptions --debugger-agent=transport=dt_socket,embedding=1,server=y,suspend=n,address=127.0.0.1:56344
Begin MonoManager ReloadAssembly
Registering precompiled unity dll's ...
Register platform support module: C:/Program Files/Unity/Hub/Editor/2020.2.3f1/Editor/Data/PlaybackEngines/WindowsStandaloneSupport/UnityEditor.WindowsStandalone.Extensions.dll
Registered in 0.002645 seconds.
Native extension for WindowsStandalone target not found
Refreshing native plugins compatible for Editor in 60.56 ms, found 0 plugins.
Preloading 0 native plugins for Editor in 0.00 ms.
Invoked RoslynAnalysisRunner static constructor.
RoslynAnalysisRunner will not be running.
RoslynAnalysisRunner has terminated.
Mono: successfully reloaded assembly
- Completed reload, in  3.065 seconds
Platform modules already initialized, skipping
Registering precompiled user dll's ...
Registered in 0.001478 seconds.
Begin MonoManager ReloadAssembly
Native extension for WindowsStandalone target not found
Refreshing native plugins compatible for Editor in 46.61 ms, found 0 plugins.
Preloading 0 native plugins for Editor in 0.00 ms.
Invoked RoslynAnalysisRunner static constructor.
RoslynAnalysisRunner will not be running.
RoslynAnalysisRunner has terminated.
Mono: successfully reloaded assembly
- Completed reload, in  1.599 seconds
Platform modules already initialized, skipping
========================================================================
Worker process is ready to serve import requests
Launched and connected shader compiler UnityShaderCompiler.exe after 0.10 seconds
Refreshing native plugins compatible for Editor in 0.31 ms, found 0 plugins.
Preloading 0 native plugins for Editor in 0.00 ms.
Unloading 1493 Unused Serialized files (Serialized files now loaded: 0)
System memory in use before: 68.3 MB.
System memory in use after: 68.3 MB.

Unloading 14 unused Assets to reduce memory usage. Loaded Objects now: 1932.
Total: 3.415700 ms (FindLiveObjects: 0.433700 ms CreateObjectMapping: 0.321900 ms MarkObjects: 2.453700 ms  DeleteObjects: 0.204600 ms)

========================================================================
Received Import Request.
  path: Assets/i-colour.png
  artifactKey: Guid(5550da3f73caf7a4cad68a808617df89) Importer(815301076,1909f56bfc062723c751e8b465ee728b)
Start importing Assets/i-colour.png using Guid(5550da3f73caf7a4cad68a808617df89) Importer(815301076,1909f56bfc062723c751e8b465ee728b)  -> (artifact id: 'b73113bb3e587c6a607e1c97a63467dc') in 0.166439 seconds
  Import took 0.175016 seconds .

========================================================================
Received Import Request.
  Time since last request: 0.000449 seconds.
  path: Assets/i-block.prefab
  artifactKey: Guid(0525cdc781638d8488bfc916066cc9c3) Importer(815301076,1909f56bfc062723c751e8b465ee728b)
Start importing Assets/i-block.prefab using Guid(0525cdc781638d8488bfc916066cc9c3) Importer(815301076,1909f56bfc062723c751e8b465ee728b)  -> (artifact id: 'e470bc1deffb52eeef0e098a0214028f') in 0.132980 seconds
  Import took 0.138272 seconds .

========================================================================
Received Import Request.
  Time since last request: 0.000211 seconds.
  path: Assets/t-block.prefab
  artifactKey: Guid(6946731d90cd5bc4eb7b5b11e346fde5) Importer(815301076,1909f56bfc062723c751e8b465ee728b)
Start importing Assets/t-block.prefab using Guid(6946731d90cd5bc4eb7b5b11e346fde5) Importer(815301076,1909f56bfc062723c751e8b465ee728b)  -> (artifact id: '9206a4d10ff4445030491be9004a3113') in 0.046381 seconds
  Import took 0.051435 seconds .

========================================================================
Received Import Request.
  Time since last request: 0.000255 seconds.
  path: Assets/New Material.mat
  artifactKey: Guid(c328062f412566f478ffcbac6dcb7f59) Importer(815301076,1909f56bfc062723c751e8b465ee728b)
Start importing Assets/New Material.mat using Guid(c328062f412566f478ffcbac6dcb7f59) Importer(815301076,1909f56bfc062723c751e8b465ee728b)  -> (artifact id: '583b85f89bb2f122eca896a7d5347227') in 0.093693 seconds
  Import took 0.098808 seconds .

========================================================================
Received Import Request.
  Time since last request: 0.000298 seconds.
  path: Assets/New Material 1.mat
  artifactKey: Guid(80d277d918350c04ebbf6bd369add99b) Importer(815301076,1909f56bfc062723c751e8b465ee728b)
Start importing Assets/New Material 1.mat using Guid(80d277d918350c04ebbf6bd369add99b) Importer(815301076,1909f56bfc062723c751e8b465ee728b)  -> (artifact id: 'f1fa6e86debc0c9ca2ce8cf6b4977797') in 0.080493 seconds
  Import took 0.086702 seconds .

========================================================================
Received Import Request.
  Time since last request: 0.002126 seconds.
  path: Assets/t-colour.png
  artifactKey: Guid(daa33a76562fe0544ba32bbdd2c556b3) Importer(815301076,1909f56bfc062723c751e8b465ee728b)
Start importing Assets/t-colour.png using Guid(daa33a76562fe0544ba32bbdd2c556b3) Importer(815301076,1909f56bfc062723c751e8b465ee728b)  -> (artifact id: '6e4f2a35b01de2fa9b5800788fd3d09e') in 0.056780 seconds
  Import took 0.060514 seconds .

